<?xml version="1.0" encoding="UTF-8"?>
<!-- Generated by org.testng.reporters.JUnitReportReporter -->
<testsuite hostname="Manthans-MacBook-Air.local" failures="0" tests="2" name="tests.AmazonSearchTest" time="33.594" errors="0" timestamp="2025-06-14T17:00:53 IST" skipped="0">
  <testcase classname="tests.AmazonSearchTest" name="testSearch" time="16.330"/>
  <testcase classname="tests.AmazonSearchTest" name="testSearch" time="17.264"/>
</testsuite> <!-- tests.AmazonSearchTest -->
